[www.damianruck.com/index.html]
[backblue.gif]
[fade.gif]
[index.html]
[use.typekit.net/ik/wvPEluKgHSpxBJ9OLHxf6zbjvDnkv1hW6Tvyh8xotKMfeGvIfFHN4UJLFRbh52jhWDjkF2MtjA9hwRgqjQbXwhjuwR9XjhwaFU7IMkG0jAFu-WsoShFGZAsude80ZkoRdhXCHKoyjamTiY8Djhy8ZYmC-Ao1Oco8if37OcBDOcu8OfG0ZAUnOW]
[assets.squarespace.com/@sqs/polyfiller/1.6/legacy.js]
[assets.squarespace.com/universal/scripts-compressed/extract-css-runtime-d0907212012ba5e737dc-min.en-US.js]
[assets.squarespace.com/universal/scripts-compressed/cldr-resource-pack-e755ccfc180e7a2ab623-min.en-US.js]
[assets.squarespace.com/@sqs/polyfiller/1.6/modern.js]
[assets.squarespace.com/universal/scripts-compressed/common-vendors-stable-61293f01d648eef165fc-min.en-US.js]
[assets.squarespace.com/universal/scripts-compressed/performance-eeabbe783ca43a2b4344-min.en-US.js]
[static1.squarespace.com/static/versioned-site-css/62408ae620da443f5254cc77/22/5c5a519771c10ba3470d8101/62408ae620da443f5254cc91/1573/site.css]
[static1.squarespace.com/static/vta/5c5a519771c10ba3470d8101/versioned-assets/1728407958569-DI71YIND73BBQN7RBZCZ/static.css]
[assets.squarespace.com/universal/scripts-compressed/extract-css-moment-js-vendor-6c569122bfa66a51a056-min.en-US.js]
[www.damianruck.com/work.html]
[www.damianruck.com/cart.html]
[images.squarespace-cdn.com/content/v1/62408ae620da443f5254cc77/0ea388e4-d723-46dd-a46c-6129d2bc8111/DamiantransparentBWwebready.png]
[images.squarespace-cdn.com/content/v1/62408ae620da443f5254cc77/4e43f076-939b-4190-ae5a-9fb99435303b/The-Times-2additionalmaskingwebready.png]
[assets.squarespace.com/universal/scripts-compressed/common-vendors-7a7622a9128f0515235b-min.en-US.js]
[images.squarespace-cdn.com/content/v1/62408ae620da443f5254cc77/bbcfc92e-139c-4464-893e-c4892558990c/Disinformation3-optimised.png]
[assets.squarespace.com/universal/scripts-compressed/common-c177b20123d796a28d55-min.en-US.js]
[www.damianruck.com/index.html]
[static1.squarespace.com/static/vta/5c5a519771c10ba3470d8101/scripts/site-bundle.847a28e5557c56dfc28f88ee4d48526d.js]
[assets.squarespace.com/universal/images-v6/damask/error-dark.png]
[assets.squarespace.com/universal/images-v6/damask/error-dark@2x.png]
[assets.squarespace.com/universal/images-v6/damask/play-button.png]
[assets.squarespace.com/universal/images-v6/damask/play-button@2x.png]
[assets.squarespace.com/universal/images-v6/damask/edit-aviary-light.png]
[assets.squarespace.com/universal/images-v6/damask/edit-aviary-light@2x.png]
[assets.squarespace.com/universal/images-v6/damask/edit-info-light.png]
[assets.squarespace.com/universal/images-v6/damask/edit-info-light@2x.png]
[assets.squarespace.com/universal/images-v6/damask/trash-9-light.png]
[assets.squarespace.com/universal/images-v6/damask/trash-9-light@2x.png]
[assets.squarespace.com/universal/images-v6/damask/trash-9-red.png]
[assets.squarespace.com/universal/images-v6/damask/trash-9-red@2x.png]
[assets.squarespace.com/universal/images-v6/damask/getty-16-light.png]
[assets.squarespace.com/universal/images-v6/damask/getty-32-light.png]
[assets.squarespace.com/universal/images-v6/damask/shopping-cart-16-light.png]
[assets.squarespace.com/universal/images-v6/damask/shopping-cart-32-light.png]
[assets.squarespace.com/universal/images-v6/icons/block-indicator-dark.png]
[assets.squarespace.com/universal/images-v6/icons/block-indicator-dark@2x.png]
[assets.squarespace.com/universal/images-v6/icons/opentable-icons.png]
[assets.squarespace.com/universal/images-v6/icons/icon-searchqueries-20-dark.png]
[assets.squarespace.com/universal/images-v6/icons/icon-searchqueries-20-light.png]
[assets.squarespace.com/universal/images-v6/icons/icon-video-24-light-solid.png]
[assets.squarespace.com/universal/images-v6/standard/icon_close_7_light.png]
[assets.squarespace.com/universal/images-v6/icons/icon-settings-16-light.png]
[static1.squarespace.com/static/versioned-site-css/62408ae620da443f5254cc77/22/5c5a519771c10ba3470d8101/62408ae620da443f5254cc91/1573/site.css]
[static1.squarespace.com/static/vta/5c5a519771c10ba3470d8101/versioned-assets/1728407958569-DI71YIND73BBQN7RBZCZ/static.css]
[www.damianruck.com/cart.html]
[images.squarespace-cdn.com/content/v1/62408ae620da443f5254cc77/52271a2a-88dd-40c4-b358-eb40ce1dd61c/SCIENCE+LOGO.png]
[images.squarespace-cdn.com/content/v1/62408ae620da443f5254cc77/aea87597-09f0-48b7-a80d-0bc3302b2459/NHB_logo.jpg]
[images.squarespace-cdn.com/content/v1/62408ae620da443f5254cc77/a193fd92-0280-4b19-ace6-1d05f989d1c2/nature+logo.jpg]
[images.squarespace-cdn.com/content/v1/62408ae620da443f5254cc77/c4efd733-9c9d-42e0-b816-290621a7e5a7/World-economic-forum-white-squarewebready.jpg]
[images.squarespace-cdn.com/content/v1/62408ae620da443f5254cc77/4aae4037-4944-40aa-aa60-8a31455dce58/The-conversation-icon-square2.jpg]
[images.squarespace-cdn.com/content/v1/62408ae620da443f5254cc77/a53a42f8-fb3f-4812-9daf-ec7d21b344fc/wall_street.jpg]
[www.damianruck.com/work.html]
